<?xml version="1.0" encoding="UTF-8"?>
<!-- Generated by org.testng.reporters.JUnitReportReporter -->
<testsuite hostname="Nishants-MacBook-Pro-2.local" failures="0" tests="1" name="keypress.SendKeysDemo2" time="9.013" errors="0" timestamp="2022-07-12T13:14:31 IST" skipped="0">
  <testcase classname="keypress.SendKeysDemo2" name="sendKey" time="9.013"/>
  <system-out/>
</testsuite> <!-- keypress.SendKeysDemo2 -->
