<?xml version="1.0" encoding="UTF-8"?>
<!-- Generated by org.testng.reporters.JUnitReportReporter -->
<testsuite hostname="Nishants-MacBook-Pro.local" failures="0" tests="2" name="parallerBrowser.MultiBrowserDemo" time="2.241" errors="0" timestamp="2022-07-10T22:59:46 IST" skipped="0">
  <testcase classname="parallerBrowser.MultiBrowserDemo" name="test1" time="0.894"/>
  <system-out/>
  <testcase classname="parallerBrowser.MultiBrowserDemo" name="test1" time="1.347"/>
  <system-out/>
</testsuite> <!-- parallerBrowser.MultiBrowserDemo -->
