<?xml version="1.0" encoding="UTF-8"?>
<!-- Generated by org.testng.reporters.JUnitReportReporter -->
<testsuite hostname="Nishants-MacBook-Pro-2.local" failures="0" tests="1" name="keypress.SendKeysDemo3" time="9.325" errors="0" timestamp="2022-07-12T13:24:24 IST" skipped="0">
  <testcase classname="keypress.SendKeysDemo3" name="sendKey" time="9.325"/>
  <system-out/>
</testsuite> <!-- keypress.SendKeysDemo3 -->
