<?xml version="1.0" encoding="UTF-8"?>
<!-- Generated by org.testng.reporters.JUnitReportReporter -->
<testsuite hostname="Nishants-MacBook-Pro-2.local" failures="0" tests="1" name="keypress.SendKeysDemo" time="10.032" errors="0" timestamp="2022-07-12T12:49:16 IST" skipped="0">
  <testcase classname="keypress.SendKeysDemo" name="sendKey" time="10.032"/>
  <system-out/>
</testsuite> <!-- keypress.SendKeysDemo -->
